0 info it worked if it ends with ok
1 verbose cli [ '/usr/local/Cellar/node/5.9.1/bin/node',
1 verbose cli   '/usr/local/bin/npm',
1 verbose cli   'run',
1 verbose cli   'watch-sass' ]
2 info using npm@3.7.3
3 info using node@v5.9.1
4 verbose run-script [ 'prewatch-sass', 'watch-sass', 'postwatch-sass' ]
5 info lifecycle coreytegeler.github.io@1.0.0~prewatch-sass: coreytegeler.github.io@1.0.0
6 silly lifecycle coreytegeler.github.io@1.0.0~prewatch-sass: no script for prewatch-sass, continuing
7 info lifecycle coreytegeler.github.io@1.0.0~watch-sass: coreytegeler.github.io@1.0.0
8 verbose lifecycle coreytegeler.github.io@1.0.0~watch-sass: unsafe-perm in lifecycle true
9 verbose lifecycle coreytegeler.github.io@1.0.0~watch-sass: PATH: /usr/local/lib/node_modules/npm/bin/node-gyp-bin:/Users/coreytegeler/Sites/coreytegeler.github.io/node_modules/.bin:/usr/local/Cellar/node/5.9.1/bin:/opt/local/bin:/opt/local/sbin:/usr/local/bin:/usr/local/share/npm/bin:/usr/local/bin:/usr/local/heroku/bin:/usr/local/git/bin:/usr/local/bin:/usr/bin:/bin:/usr/sbin:~/src/stagecoach/bin:/usr/local/MacGPG2/bin:/usr/local/mysql/bin:/User/coreytegeler/src/stagecoach/bin
10 verbose lifecycle coreytegeler.github.io@1.0.0~watch-sass: CWD: /Users/coreytegeler/Sites/coreytegeler.github.io
11 silly lifecycle coreytegeler.github.io@1.0.0~watch-sass: Args: [ '-c',
11 silly lifecycle   'sass --watch /assets/sass/style.scss:/assets/css/style.css' ]
12 silly lifecycle coreytegeler.github.io@1.0.0~watch-sass: Returned: code: 1  signal: null
13 info lifecycle coreytegeler.github.io@1.0.0~watch-sass: Failed to exec watch-sass script
14 verbose stack Error: coreytegeler.github.io@1.0.0 watch-sass: `sass --watch /assets/sass/style.scss:/assets/css/style.css`
14 verbose stack Exit status 1
14 verbose stack     at EventEmitter.<anonymous> (/usr/local/lib/node_modules/npm/lib/utils/lifecycle.js:239:16)
14 verbose stack     at emitTwo (events.js:100:13)
14 verbose stack     at EventEmitter.emit (events.js:185:7)
14 verbose stack     at ChildProcess.<anonymous> (/usr/local/lib/node_modules/npm/lib/utils/spawn.js:24:14)
14 verbose stack     at emitTwo (events.js:100:13)
14 verbose stack     at ChildProcess.emit (events.js:185:7)
14 verbose stack     at maybeClose (internal/child_process.js:850:16)
14 verbose stack     at Process.ChildProcess._handle.onexit (internal/child_process.js:215:5)
15 verbose pkgid coreytegeler.github.io@1.0.0
16 verbose cwd /Users/coreytegeler/Sites/coreytegeler.github.io
17 error Darwin 15.4.0
18 error argv "/usr/local/Cellar/node/5.9.1/bin/node" "/usr/local/bin/npm" "run" "watch-sass"
19 error node v5.9.1
20 error npm  v3.7.3
21 error code ELIFECYCLE
22 error coreytegeler.github.io@1.0.0 watch-sass: `sass --watch /assets/sass/style.scss:/assets/css/style.css`
22 error Exit status 1
23 error Failed at the coreytegeler.github.io@1.0.0 watch-sass script 'sass --watch /assets/sass/style.scss:/assets/css/style.css'.
23 error Make sure you have the latest version of node.js and npm installed.
23 error If you do, this is most likely a problem with the coreytegeler.github.io package,
23 error not with npm itself.
23 error Tell the author that this fails on your system:
23 error     sass --watch /assets/sass/style.scss:/assets/css/style.css
23 error You can get information on how to open an issue for this project with:
23 error     npm bugs coreytegeler.github.io
23 error Or if that isn't available, you can get their info via:
23 error     npm owner ls coreytegeler.github.io
23 error There is likely additional logging output above.
24 verbose exit [ 1, true ]
